0 info it worked if it ends with ok
1 verbose cli [ '/Users/fraferra/.nvm/v0.10.32/bin/node',
1 verbose cli   '/Users/fraferra/.nvm/v0.10.32/bin/npm',
1 verbose cli   'install',
1 verbose cli   '[-g]',
1 verbose cli   'shelljs' ]
2 info using npm@1.4.28
3 info using node@v0.10.32
4 verbose readDependencies using package.json deps
5 verbose cache add [ '[-g]', null ]
6 verbose cache add name=undefined spec="[-g]" args=["[-g]",null]
7 verbose parsed url { protocol: null,
7 verbose parsed url   slashes: null,
7 verbose parsed url   auth: null,
7 verbose parsed url   host: null,
7 verbose parsed url   port: null,
7 verbose parsed url   hostname: null,
7 verbose parsed url   hash: null,
7 verbose parsed url   search: null,
7 verbose parsed url   query: null,
7 verbose parsed url   pathname: '[-g]',
7 verbose parsed url   path: '[-g]',
7 verbose parsed url   href: '[-g]' }
8 verbose cache add [ 'shelljs', null ]
9 verbose cache add name=undefined spec="shelljs" args=["shelljs",null]
10 verbose parsed url { protocol: null,
10 verbose parsed url   slashes: null,
10 verbose parsed url   auth: null,
10 verbose parsed url   host: null,
10 verbose parsed url   port: null,
10 verbose parsed url   hostname: null,
10 verbose parsed url   hash: null,
10 verbose parsed url   search: null,
10 verbose parsed url   query: null,
10 verbose parsed url   pathname: 'shelljs',
10 verbose parsed url   path: 'shelljs',
10 verbose parsed url   href: 'shelljs' }
11 silly lockFile 6f826bb4-g [-g]
12 verbose lock [-g] /Users/fraferra/.npm/6f826bb4-g.lock
13 silly lockFile eb06dd96-shelljs shelljs
14 verbose lock shelljs /Users/fraferra/.npm/eb06dd96-shelljs.lock
15 silly lockFile 6f826bb4-g [-g]
16 silly lockFile 6f826bb4-g [-g]
17 silly lockFile eb06dd96-shelljs shelljs
18 silly lockFile eb06dd96-shelljs shelljs
19 verbose addNamed [ '[-g]', '' ]
20 verbose addNamed [ null, '*' ]
21 silly lockFile e58810aa-g [-g]@
22 verbose lock [-g]@ /Users/fraferra/.npm/e58810aa-g.lock
23 verbose addNamed [ 'shelljs', '' ]
24 verbose addNamed [ null, '*' ]
25 silly lockFile 9724384e-shelljs shelljs@
26 verbose lock shelljs@ /Users/fraferra/.npm/9724384e-shelljs.lock
27 silly addNameRange { name: '[-g]', range: '*', hasData: false }
28 verbose request where is /[-g]
29 verbose request registry https://registry.npmjs.org/
30 verbose request id a3dfc3ebd021bf76
31 verbose url raw /[-g]
32 verbose url resolving [ 'https://registry.npmjs.org/', './%5B-g%5D' ]
33 verbose url resolved https://registry.npmjs.org/%5B-g%5D
34 verbose request where is https://registry.npmjs.org/%5B-g%5D
35 info trying registry request attempt 1 at 01:40:20
36 http GET https://registry.npmjs.org/%5B-g%5D
37 silly addNameRange { name: 'shelljs', range: '*', hasData: false }
38 verbose registry.get https://registry.npmjs.org/shelljs not expired, no request
39 silly addNameRange number 2 { name: 'shelljs', range: '*', hasData: true }
40 silly addNameRange versions [ 'shelljs',
40 silly addNameRange   [ '0.0.1',
40 silly addNameRange     '0.0.2',
40 silly addNameRange     '0.0.3',
40 silly addNameRange     '0.0.4',
40 silly addNameRange     '0.0.5',
40 silly addNameRange     '0.0.6',
40 silly addNameRange     '0.0.7',
40 silly addNameRange     '0.0.8',
40 silly addNameRange     '0.0.9',
40 silly addNameRange     '0.1.0',
40 silly addNameRange     '0.1.1',
40 silly addNameRange     '0.1.2',
40 silly addNameRange     '0.1.3',
40 silly addNameRange     '0.1.4',
40 silly addNameRange     '0.2.0',
40 silly addNameRange     '0.2.1',
40 silly addNameRange     '0.2.2',
40 silly addNameRange     '0.2.3',
40 silly addNameRange     '0.2.4',
40 silly addNameRange     '0.2.5',
40 silly addNameRange     '0.2.6',
40 silly addNameRange     '0.3.0',
40 silly addNameRange     '0.0.1-alpha1',
40 silly addNameRange     '0.0.2-pre1',
40 silly addNameRange     '0.0.4-pre1',
40 silly addNameRange     '0.0.5-pre1',
40 silly addNameRange     '0.0.5-pre2',
40 silly addNameRange     '0.0.5-pre3',
40 silly addNameRange     '0.0.5-pre4',
40 silly addNameRange     '0.0.6-pre1',
40 silly addNameRange     '0.0.6-pre2' ] ]
41 verbose addNamed [ 'shelljs', '0.3.0' ]
42 verbose addNamed [ '0.3.0', '0.3.0' ]
43 silly lockFile 7d3918b1-shelljs-0-3-0 shelljs@0.3.0
44 verbose lock shelljs@0.3.0 /Users/fraferra/.npm/7d3918b1-shelljs-0-3-0.lock
45 silly lockFile 7d3918b1-shelljs-0-3-0 shelljs@0.3.0
46 silly lockFile 7d3918b1-shelljs-0-3-0 shelljs@0.3.0
47 silly lockFile 9724384e-shelljs shelljs@
48 silly lockFile 9724384e-shelljs shelljs@
49 http 404 https://registry.npmjs.org/%5B-g%5D
50 verbose headers { date: 'Thu, 25 Dec 2014 00:40:21 GMT',
50 verbose headers   server: 'CouchDB/1.5.0 (Erlang OTP/R16B03)',
50 verbose headers   'content-type': 'application/json',
50 verbose headers   'cache-control': 'max-age=0',
50 verbose headers   'content-length': '52',
50 verbose headers   'accept-ranges': 'bytes',
50 verbose headers   via: '1.1 varnish',
50 verbose headers   'x-served-by': 'cache-fra1234-FRA',
50 verbose headers   'x-cache': 'MISS',
50 verbose headers   'x-cache-hits': '0',
50 verbose headers   'x-timer': 'S1419468021.038609,VS0,VE172',
50 verbose headers   'keep-alive': 'timeout=10, max=50',
50 verbose headers   connection: 'Keep-Alive' }
51 silly registry.get cb [ 404,
51 silly registry.get   { date: 'Thu, 25 Dec 2014 00:40:21 GMT',
51 silly registry.get     server: 'CouchDB/1.5.0 (Erlang OTP/R16B03)',
51 silly registry.get     'content-type': 'application/json',
51 silly registry.get     'cache-control': 'max-age=0',
51 silly registry.get     'content-length': '52',
51 silly registry.get     'accept-ranges': 'bytes',
51 silly registry.get     via: '1.1 varnish',
51 silly registry.get     'x-served-by': 'cache-fra1234-FRA',
51 silly registry.get     'x-cache': 'MISS',
51 silly registry.get     'x-cache-hits': '0',
51 silly registry.get     'x-timer': 'S1419468021.038609,VS0,VE172',
51 silly registry.get     'keep-alive': 'timeout=10, max=50',
51 silly registry.get     connection: 'Keep-Alive' } ]
52 silly lockFile e58810aa-g [-g]@
53 silly lockFile e58810aa-g [-g]@
54 error 404 404 Not Found: %5B-g%5D
54 error 404
54 error 404 '%5B-g%5D' is not in the npm registry.
54 error 404 You should bug the author to publish it
54 error 404 It was specified as a dependency of 'nodeApp'
54 error 404
54 error 404 Note that you can also install from a
54 error 404 tarball, folder, or http url, or git url.
55 error System Darwin 14.0.0
56 error command "/Users/fraferra/.nvm/v0.10.32/bin/node" "/Users/fraferra/.nvm/v0.10.32/bin/npm" "install" "[-g]" "shelljs"
57 error cwd /Users/fraferra/work/MyStuff/gamingPlatform/nodeApp
58 error node -v v0.10.32
59 error npm -v 1.4.28
60 error code E404
61 verbose exit [ 1, true ]
